<?xml version="1.0" encoding="UTF-8"?>
<testsuite xmlns:xsi="http://www.w3.org/2001/XMLSchema-instance" xsi:noNamespaceSchemaLocation="https://maven.apache.org/surefire/maven-surefire-plugin/xsd/surefire-test-report.xsd" version="3.0.2" name="com.gozluketicaret.demo.GozluketicaretApplicationTests" time="7.47" tests="1" errors="0" skipped="0" failures="0">
  <properties>
[...]
</properties>
  <testcase name="contextLoads" classname="com.gozluketicaret.demo.GozluketicaretApplicationTests" time="0.452">
    <system-out><![CDATA[03:29:01.891 [main] INFO org.springframework.test.context.support.AnnotationConfigContextLoaderUtils -- Could not detect default configuration classes for test class [com.gozluketicaret.demo.GozluketicaretApplicationTests]: GozluketicaretApplicationTests does not declare any static, non-private, non-final, nested classes annotated with @Configuration.
03:29:02.060 [main] INFO org.springframework.boot.test.context.SpringBootTestContextBootstrapper -- Found @SpringBootConfiguration com.gozluketicaret.demo.GozluketicaretApplication for test class com.gozluketicaret.demo.GozluketicaretApplicationTests

  .   ____          _            __ _ _
 /\\ / ___'_ __ _ _(_)_ __  __ _ \ \ \ \
( ( )\___ | '_ | '_| | '_ \/ _` | \ \ \ \
 \\/  ___)| |_)| | | | | || (_| |  ) ) ) )
  '  |____| .__|_| |_|_| |_\__, | / / / /
 =========|_|==============|___/=/_/_/_/

 :: Spring Boot ::                (v3.4.3)

2025-05-16T03:29:02.645+03:00  INFO 16632 --- [gozluketicaret] [           main] c.g.demo.GozluketicaretApplicationTests  : Starting GozluketicaretApplicationTests using Java 21.0.1 with PID 16632 (started by kerim in C:\Users\kerim\OneDrive\Masaüstü\demo2)
2025-05-16T03:29:02.646+03:00 DEBUG 16632 --- [gozluketicaret] [           main] c.g.demo.GozluketicaretApplicationTests  : Running with Spring Boot v3.4.3, Spring v6.2.3
2025-05-16T03:29:02.647+03:00  INFO 16632 --- [gozluketicaret] [           main] c.g.demo.GozluketicaretApplicationTests  : The following 1 profile is active: "dev"
2025-05-16T03:29:03.480+03:00  INFO 16632 --- [gozluketicaret] [           main] .s.d.r.c.RepositoryConfigurationDelegate : Bootstrapping Spring Data JPA repositories in DEFAULT mode.
2025-05-16T03:29:03.602+03:00  INFO 16632 --- [gozluketicaret] [           main] .s.d.r.c.RepositoryConfigurationDelegate : Finished Spring Data repository scanning in 101 ms. Found 9 JPA repository interfaces.
2025-05-16T03:29:04.441+03:00  INFO 16632 --- [gozluketicaret] [           main] o.hibernate.jpa.internal.util.LogHelper  : HHH000204: Processing PersistenceUnitInfo [name: default]
2025-05-16T03:29:04.561+03:00  INFO 16632 --- [gozluketicaret] [           main] org.hibernate.Version                    : HHH000412: Hibernate ORM core version 6.6.8.Final
2025-05-16T03:29:04.605+03:00  INFO 16632 --- [gozluketicaret] [           main] o.h.c.internal.RegionFactoryInitiator    : HHH000026: Second-level cache disabled
2025-05-16T03:29:05.086+03:00  INFO 16632 --- [gozluketicaret] [           main] o.s.o.j.p.SpringPersistenceUnitInfo      : No LoadTimeWeaver setup: ignoring JPA class transformer
2025-05-16T03:29:05.155+03:00  INFO 16632 --- [gozluketicaret] [           main] com.zaxxer.hikari.HikariDataSource       : HikariPool-1 - Starting...
2025-05-16T03:29:05.433+03:00  INFO 16632 --- [gozluketicaret] [           main] com.zaxxer.hikari.pool.HikariPool        : HikariPool-1 - Added connection org.postgresql.jdbc.PgConnection@e97f115
2025-05-16T03:29:05.434+03:00  INFO 16632 --- [gozluketicaret] [           main] com.zaxxer.hikari.HikariDataSource       : HikariPool-1 - Start completed.
2025-05-16T03:29:05.490+03:00  WARN 16632 --- [gozluketicaret] [           main] org.hibernate.orm.deprecation            : HHH90000025: PostgreSQLDialect does not need to be specified explicitly using 'hibernate.dialect' (remove the property setting and it will be selected by default)
2025-05-16T03:29:05.512+03:00  INFO 16632 --- [gozluketicaret] [           main] org.hibernate.orm.connections.pooling    : HHH10001005: Database info:
	Database JDBC URL [Connecting through datasource 'HikariDataSource (HikariPool-1)']
	Database driver: undefined/unknown
	Database version: 13.14
	Autocommit mode: undefined/unknown
	Isolation level: undefined/unknown
	Minimum pool size: undefined/unknown
	Maximum pool size: undefined/unknown
2025-05-16T03:29:06.628+03:00  INFO 16632 --- [gozluketicaret] [           main] o.h.e.t.j.p.i.JtaPlatformInitiator       : HHH000489: No JTA platform available (set 'hibernate.transaction.jta.platform' to enable JTA platform integration)
2025-05-16T03:29:06.761+03:00  INFO 16632 --- [gozluketicaret] [           main] j.LocalContainerEntityManagerFactoryBean : Initialized JPA EntityManagerFactory for persistence unit 'default'
2025-05-16T03:29:07.526+03:00  WARN 16632 --- [gozluketicaret] [           main] JpaBaseConfiguration$JpaWebConfiguration : spring.jpa.open-in-view is enabled by default. Therefore, database queries may be performed during view rendering. Explicitly configure spring.jpa.open-in-view to disable this warning
2025-05-16T03:29:07.587+03:00  WARN 16632 --- [gozluketicaret] [           main] .s.s.UserDetailsServiceAutoConfiguration : 

Using generated security password: d43f81e6-2c3c-482a-abf4-fc38364ca9cf

This generated password is for development use only. Your security configuration must be updated before running your application in production.

2025-05-16T03:29:07.606+03:00  INFO 16632 --- [gozluketicaret] [           main] r$InitializeUserDetailsManagerConfigurer : Global AuthenticationManager configured with UserDetailsService bean with name inMemoryUserDetailsManager
2025-05-16T03:29:08.635+03:00  INFO 16632 --- [gozluketicaret] [           main] c.g.demo.GozluketicaretApplicationTests  : Started GozluketicaretApplicationTests in 6.324 seconds (process running for 7.576)
]]></system-out>
    <system-err><![CDATA[Mockito is currently self-attaching to enable the inline-mock-maker. This will no longer work in future releases of the JDK. Please add Mockito as an agent to your build what is described in Mockito's documentation: https://javadoc.io/doc/org.mockito/mockito-core/latest/org/mockito/Mockito.html#0.3
WARNING: A Java agent has been loaded dynamically (C:\Users\kerim\.m2\repository\net\bytebuddy\byte-buddy-agent\1.15.11\byte-buddy-agent-1.15.11.jar)
WARNING: If a serviceability tool is in use, please run with -XX:+EnableDynamicAgentLoading to hide this warning
WARNING: If a serviceability tool is not in use, please run with -Djdk.instrument.traceUsage for more information
WARNING: Dynamic loading of agents will be disallowed by default in a future release
]]></system-err>
  </testcase>
</testsuite>